

                                    bbbbbbbb
  1111111    333333333333333        b::::::b            lllllll
 1::::::1   3:::::::::::::::33      b::::::b            l:::::l
1:::::::1   3::::::33333::::::3     b::::::b            l:::::l
111:::::1   3333333     3:::::3      b:::::b            l:::::l
   1::::1               3:::::3      b:::::bbbbbbbbb     l::::l    ooooooooooo      ggggggggg   ggggg
   1::::1               3:::::3      b::::::::::::::bb   l::::l  oo:::::::::::oo   g:::::::::ggg::::g
   1::::1       33333333:::::3       b::::::::::::::::b  l::::l o:::::::::::::::o g:::::::::::::::::g
   1::::l       3:::::::::::3        b:::::bbbbb:::::::b l::::l o:::::ooooo:::::og::::::ggggg::::::gg
   1::::l       33333333:::::3       b:::::b    b::::::b l::::l o::::o     o::::og:::::g     g:::::g
   1::::l               3:::::3      b:::::b     b:::::b l::::l o::::o     o::::og:::::g     g:::::g
   1::::l               3:::::3      b:::::b     b:::::b l::::l o::::o     o::::og:::::g     g:::::g
   1::::l               3:::::3      b:::::b     b:::::b l::::l o::::o     o::::og::::::g    g:::::g
111::::::1113333333     3:::::3      b:::::bbbbbb::::::bl::::::lo:::::ooooo:::::og:::::::ggggg:::::g
1::::::::::13::::::33333::::::3      b::::::::::::::::b l::::::lo:::::::::::::::o g::::::::::::::::g
1::::::::::13:::::::::::::::33       b:::::::::::::::b  l::::::l oo:::::::::::oo   gg::::::::::::::g
111111111111 333333333333333         bbbbbbbbbbbbbbbb   llllllll   ooooooooooo       gggggggg::::::g
                                                                                             g:::::g
                                                                                 gggggg      g:::::g
                                                                                 g:::::gg   gg:::::g
                                                                                  g::::::ggg:::::::g
                                                                                   gg:::::::::::::g
                                                                                     ggg::::::ggg
                                                                                        gggggg

Application Version: 3.3.0-SNAPSHOT (v3.3.0-SNAPSHOT)
Spring Boot Version: 1.5.1.RELEASE (v1.5.1.RELEASE)
2018-04-11 09:14:34.984 [main] INFO  com.my.blog.website.CoreApplication - Starting CoreApplication v3.3.0-SNAPSHOT on vincent-3.local with PID 21569 (/Users/vincent/git/My-Blog/target/my-blog-3.3.0-SNAPSHOT.jar started by vincent in /Users/vincent/git/My-Blog)
2018-04-11 09:14:34.986 [main] DEBUG com.my.blog.website.CoreApplication - Running with Spring Boot v1.5.1.RELEASE, Spring v4.3.6.RELEASE
2018-04-11 09:14:34.986 [main] INFO  com.my.blog.website.CoreApplication - The following profiles are active: default
2018-04-11 09:14:35.417 [background-preinit] DEBUG org.jboss.logging - Logging Provider: org.jboss.logging.Log4j2LoggerProvider
2018-04-11 09:14:35.418 [background-preinit] INFO  org.hibernate.validator.internal.util.Version - HV000001: Hibernate Validator 5.3.4.Final
2018-04-11 09:14:35.447 [background-preinit] DEBUG org.hibernate.validator.internal.engine.resolver.DefaultTraversableResolver - Cannot find javax.persistence.Persistence on classpath. Assuming non JPA 2 environment. All properties will per default be traversable.
2018-04-11 09:14:36.138 [main] DEBUG org.mybatis.spring.mapper.ClassPathMapperScanner - Identified candidate component class: URL [jar:file:/Users/vincent/git/My-Blog/target/my-blog-3.3.0-SNAPSHOT.jar!/BOOT-INF/classes!/com/my/blog/website/dao/UserVoMapper.class]
2018-04-11 09:14:36.139 [main] DEBUG org.mybatis.spring.mapper.ClassPathMapperScanner - Identified candidate component class: URL [jar:file:/Users/vincent/git/My-Blog/target/my-blog-3.3.0-SNAPSHOT.jar!/BOOT-INF/classes!/com/my/blog/website/dao/MetaVoMapper.class]
2018-04-11 09:14:36.139 [main] DEBUG org.mybatis.spring.mapper.ClassPathMapperScanner - Identified candidate component class: URL [jar:file:/Users/vincent/git/My-Blog/target/my-blog-3.3.0-SNAPSHOT.jar!/BOOT-INF/classes!/com/my/blog/website/dao/LogVoMapper.class]
2018-04-11 09:14:36.139 [main] DEBUG org.mybatis.spring.mapper.ClassPathMapperScanner - Identified candidate component class: URL [jar:file:/Users/vincent/git/My-Blog/target/my-blog-3.3.0-SNAPSHOT.jar!/BOOT-INF/classes!/com/my/blog/website/dao/OptionVoMapper.class]
2018-04-11 09:14:36.139 [main] DEBUG org.mybatis.spring.mapper.ClassPathMapperScanner - Identified candidate component class: URL [jar:file:/Users/vincent/git/My-Blog/target/my-blog-3.3.0-SNAPSHOT.jar!/BOOT-INF/classes!/com/my/blog/website/dao/CommentVoMapper.class]
2018-04-11 09:14:36.140 [main] DEBUG org.mybatis.spring.mapper.ClassPathMapperScanner - Identified candidate component class: URL [jar:file:/Users/vincent/git/My-Blog/target/my-blog-3.3.0-SNAPSHOT.jar!/BOOT-INF/classes!/com/my/blog/website/dao/ContentVoMapper.class]
2018-04-11 09:14:36.141 [main] DEBUG org.mybatis.spring.mapper.ClassPathMapperScanner - Identified candidate component class: URL [jar:file:/Users/vincent/git/My-Blog/target/my-blog-3.3.0-SNAPSHOT.jar!/BOOT-INF/classes!/com/my/blog/website/dao/AttachVoMapper.class]
2018-04-11 09:14:36.141 [main] DEBUG org.mybatis.spring.mapper.ClassPathMapperScanner - Identified candidate component class: URL [jar:file:/Users/vincent/git/My-Blog/target/my-blog-3.3.0-SNAPSHOT.jar!/BOOT-INF/classes!/com/my/blog/website/dao/RelationshipVoMapper.class]
2018-04-11 09:14:36.142 [main] DEBUG org.mybatis.spring.mapper.ClassPathMapperScanner - Creating MapperFactoryBean with name 'userVoMapper' and 'com.my.blog.website.dao.UserVoMapper' mapperInterface
2018-04-11 09:14:36.143 [main] DEBUG org.mybatis.spring.mapper.ClassPathMapperScanner - Enabling autowire by type for MapperFactoryBean with name 'userVoMapper'.
2018-04-11 09:14:36.143 [main] DEBUG org.mybatis.spring.mapper.ClassPathMapperScanner - Creating MapperFactoryBean with name 'metaVoMapper' and 'com.my.blog.website.dao.MetaVoMapper' mapperInterface
2018-04-11 09:14:36.143 [main] DEBUG org.mybatis.spring.mapper.ClassPathMapperScanner - Enabling autowire by type for MapperFactoryBean with name 'metaVoMapper'.
2018-04-11 09:14:36.143 [main] DEBUG org.mybatis.spring.mapper.ClassPathMapperScanner - Creating MapperFactoryBean with name 'logVoMapper' and 'com.my.blog.website.dao.LogVoMapper' mapperInterface
2018-04-11 09:14:36.143 [main] DEBUG org.mybatis.spring.mapper.ClassPathMapperScanner - Enabling autowire by type for MapperFactoryBean with name 'logVoMapper'.
2018-04-11 09:14:36.143 [main] DEBUG org.mybatis.spring.mapper.ClassPathMapperScanner - Creating MapperFactoryBean with name 'optionVoMapper' and 'com.my.blog.website.dao.OptionVoMapper' mapperInterface
2018-04-11 09:14:36.143 [main] DEBUG org.mybatis.spring.mapper.ClassPathMapperScanner - Enabling autowire by type for MapperFactoryBean with name 'optionVoMapper'.
2018-04-11 09:14:36.143 [main] DEBUG org.mybatis.spring.mapper.ClassPathMapperScanner - Creating MapperFactoryBean with name 'commentVoMapper' and 'com.my.blog.website.dao.CommentVoMapper' mapperInterface
2018-04-11 09:14:36.143 [main] DEBUG org.mybatis.spring.mapper.ClassPathMapperScanner - Enabling autowire by type for MapperFactoryBean with name 'commentVoMapper'.
2018-04-11 09:14:36.144 [main] DEBUG org.mybatis.spring.mapper.ClassPathMapperScanner - Creating MapperFactoryBean with name 'contentVoMapper' and 'com.my.blog.website.dao.ContentVoMapper' mapperInterface
2018-04-11 09:14:36.144 [main] DEBUG org.mybatis.spring.mapper.ClassPathMapperScanner - Enabling autowire by type for MapperFactoryBean with name 'contentVoMapper'.
2018-04-11 09:14:36.144 [main] DEBUG org.mybatis.spring.mapper.ClassPathMapperScanner - Creating MapperFactoryBean with name 'attachVoMapper' and 'com.my.blog.website.dao.AttachVoMapper' mapperInterface
2018-04-11 09:14:36.144 [main] DEBUG org.mybatis.spring.mapper.ClassPathMapperScanner - Enabling autowire by type for MapperFactoryBean with name 'attachVoMapper'.
2018-04-11 09:14:36.144 [main] DEBUG org.mybatis.spring.mapper.ClassPathMapperScanner - Creating MapperFactoryBean with name 'relationshipVoMapper' and 'com.my.blog.website.dao.RelationshipVoMapper' mapperInterface
2018-04-11 09:14:36.144 [main] DEBUG org.mybatis.spring.mapper.ClassPathMapperScanner - Enabling autowire by type for MapperFactoryBean with name 'relationshipVoMapper'.
2018-04-11 09:14:36.667 [main] DEBUG org.hibernate.validator.internal.engine.resolver.DefaultTraversableResolver - Cannot find javax.persistence.Persistence on classpath. Assuming non JPA 2 environment. All properties will per default be traversable.
2018-04-11 09:14:36.688 [main] DEBUG org.hibernate.validator.internal.engine.resolver.DefaultTraversableResolver - Cannot find javax.persistence.Persistence on classpath. Assuming non JPA 2 environment. All properties will per default be traversable.
2018-04-11 09:14:36.694 [main] DEBUG org.hibernate.validator.internal.engine.ConfigurationImpl - Setting custom MessageInterpolator of type org.springframework.validation.beanvalidation.LocaleContextMessageInterpolator
2018-04-11 09:14:36.695 [main] DEBUG org.hibernate.validator.internal.engine.ConfigurationImpl - Setting custom ConstraintValidatorFactory of type org.springframework.validation.beanvalidation.SpringConstraintValidatorFactory
2018-04-11 09:14:36.697 [main] DEBUG org.hibernate.validator.internal.engine.ConfigurationImpl - Setting custom ParameterNameProvider of type com.sun.proxy.$Proxy59
2018-04-11 09:14:36.699 [main] DEBUG org.hibernate.validator.internal.xml.ValidationXmlParser - Trying to load META-INF/validation.xml for XML based Validator configuration.
2018-04-11 09:14:36.700 [main] DEBUG org.hibernate.validator.internal.xml.ResourceLoaderHelper - Trying to load META-INF/validation.xml via user class loader
2018-04-11 09:14:36.701 [main] DEBUG org.hibernate.validator.internal.xml.ResourceLoaderHelper - Trying to load META-INF/validation.xml via TCCL
2018-04-11 09:14:36.701 [main] DEBUG org.hibernate.validator.internal.xml.ResourceLoaderHelper - Trying to load META-INF/validation.xml via Hibernate Validator's class loader
2018-04-11 09:14:36.708 [main] DEBUG org.hibernate.validator.internal.xml.ValidationXmlParser - No META-INF/validation.xml found. Using annotation based configuration only.
2018-04-11 09:14:37.142 [main] DEBUG org.hibernate.validator.internal.engine.resolver.DefaultTraversableResolver - Cannot find javax.persistence.Persistence on classpath. Assuming non JPA 2 environment. All properties will per default be traversable.
2018-04-11 09:14:37.143 [main] DEBUG org.hibernate.validator.internal.engine.resolver.DefaultTraversableResolver - Cannot find javax.persistence.Persistence on classpath. Assuming non JPA 2 environment. All properties will per default be traversable.
2018-04-11 09:14:37.143 [main] DEBUG org.hibernate.validator.internal.engine.ConfigurationImpl - Setting custom MessageInterpolator of type org.springframework.validation.beanvalidation.LocaleContextMessageInterpolator
2018-04-11 09:14:37.144 [main] DEBUG org.hibernate.validator.internal.engine.ConfigurationImpl - Setting custom ConstraintValidatorFactory of type org.springframework.validation.beanvalidation.SpringConstraintValidatorFactory
2018-04-11 09:14:37.144 [main] DEBUG org.hibernate.validator.internal.engine.ConfigurationImpl - Setting custom ParameterNameProvider of type com.sun.proxy.$Proxy59
2018-04-11 09:14:37.144 [main] DEBUG org.hibernate.validator.internal.xml.ValidationXmlParser - Trying to load META-INF/validation.xml for XML based Validator configuration.
2018-04-11 09:14:37.144 [main] DEBUG org.hibernate.validator.internal.xml.ResourceLoaderHelper - Trying to load META-INF/validation.xml via user class loader
2018-04-11 09:14:37.145 [main] DEBUG org.hibernate.validator.internal.xml.ResourceLoaderHelper - Trying to load META-INF/validation.xml via TCCL
2018-04-11 09:14:37.145 [main] DEBUG org.hibernate.validator.internal.xml.ResourceLoaderHelper - Trying to load META-INF/validation.xml via Hibernate Validator's class loader
2018-04-11 09:14:37.146 [main] DEBUG org.hibernate.validator.internal.xml.ValidationXmlParser - No META-INF/validation.xml found. Using annotation based configuration only.
2018-04-11 09:14:37.323 [main] DEBUG com.my.blog.website.CoreApplication$1 - Code archive: /Users/vincent/git/My-Blog/target/my-blog-3.3.0-SNAPSHOT.jar
2018-04-11 09:14:37.323 [main] DEBUG com.my.blog.website.CoreApplication$1 - Code archive: /Users/vincent/git/My-Blog/target/my-blog-3.3.0-SNAPSHOT.jar
2018-04-11 09:14:37.323 [main] DEBUG com.my.blog.website.CoreApplication$1 - None of the document roots [src/main/webapp, public, static] point to a directory and will be ignored.
2018-04-11 09:14:38.530 [main] INFO  com.alibaba.druid.pool.DruidDataSource - {dataSource-1} inited
2018-04-11 09:14:38.633 [main] DEBUG org.mybatis.spring.SqlSessionFactoryBean - Property 'configuration' or 'configLocation' not specified, using default MyBatis Configuration
2018-04-11 09:14:38.807 [main] DEBUG org.mybatis.spring.SqlSessionFactoryBean - Parsed mapper file: 'URL [jar:file:/Users/vincent/git/My-Blog/target/my-blog-3.3.0-SNAPSHOT.jar!/BOOT-INF/classes!/mapper/AttachVoMapper.xml]'
2018-04-11 09:14:38.834 [main] DEBUG org.mybatis.spring.SqlSessionFactoryBean - Parsed mapper file: 'URL [jar:file:/Users/vincent/git/My-Blog/target/my-blog-3.3.0-SNAPSHOT.jar!/BOOT-INF/classes!/mapper/OptionVoMapper.xml]'
2018-04-11 09:14:38.863 [main] DEBUG org.mybatis.spring.SqlSessionFactoryBean - Parsed mapper file: 'URL [jar:file:/Users/vincent/git/My-Blog/target/my-blog-3.3.0-SNAPSHOT.jar!/BOOT-INF/classes!/mapper/LogVoMapper.xml]'
2018-04-11 09:14:38.895 [main] DEBUG org.mybatis.spring.SqlSessionFactoryBean - Parsed mapper file: 'URL [jar:file:/Users/vincent/git/My-Blog/target/my-blog-3.3.0-SNAPSHOT.jar!/BOOT-INF/classes!/mapper/UserVoMapper.xml]'
2018-04-11 09:14:38.927 [main] DEBUG org.mybatis.spring.SqlSessionFactoryBean - Parsed mapper file: 'URL [jar:file:/Users/vincent/git/My-Blog/target/my-blog-3.3.0-SNAPSHOT.jar!/BOOT-INF/classes!/mapper/MetaVoMapper.xml]'
2018-04-11 09:14:38.948 [main] DEBUG org.mybatis.spring.SqlSessionFactoryBean - Parsed mapper file: 'URL [jar:file:/Users/vincent/git/My-Blog/target/my-blog-3.3.0-SNAPSHOT.jar!/BOOT-INF/classes!/mapper/RelationshipVoMapper.xml]'
2018-04-11 09:14:38.979 [main] DEBUG org.mybatis.spring.SqlSessionFactoryBean - Parsed mapper file: 'URL [jar:file:/Users/vincent/git/My-Blog/target/my-blog-3.3.0-SNAPSHOT.jar!/BOOT-INF/classes!/mapper/CommentVoMapper.xml]'
2018-04-11 09:14:39.013 [main] DEBUG org.mybatis.spring.SqlSessionFactoryBean - Parsed mapper file: 'URL [jar:file:/Users/vincent/git/My-Blog/target/my-blog-3.3.0-SNAPSHOT.jar!/BOOT-INF/classes!/mapper/ContentVoMapper.xml]'
2018-04-11 09:14:39.685 [main] DEBUG org.hibernate.validator.internal.engine.resolver.DefaultTraversableResolver - Cannot find javax.persistence.Persistence on classpath. Assuming non JPA 2 environment. All properties will per default be traversable.
2018-04-11 09:14:39.686 [main] DEBUG org.hibernate.validator.internal.engine.ConfigurationImpl - Setting custom MessageInterpolator of type org.springframework.validation.beanvalidation.LocaleContextMessageInterpolator
2018-04-11 09:14:39.686 [main] DEBUG org.hibernate.validator.internal.engine.ConfigurationImpl - Setting custom ConstraintValidatorFactory of type org.springframework.validation.beanvalidation.SpringConstraintValidatorFactory
2018-04-11 09:14:39.686 [main] DEBUG org.hibernate.validator.internal.engine.ConfigurationImpl - Setting custom ParameterNameProvider of type com.sun.proxy.$Proxy59
2018-04-11 09:14:39.686 [main] DEBUG org.hibernate.validator.internal.xml.ValidationXmlParser - Trying to load META-INF/validation.xml for XML based Validator configuration.
2018-04-11 09:14:39.686 [main] DEBUG org.hibernate.validator.internal.xml.ResourceLoaderHelper - Trying to load META-INF/validation.xml via user class loader
2018-04-11 09:14:39.686 [main] DEBUG org.hibernate.validator.internal.xml.ResourceLoaderHelper - Trying to load META-INF/validation.xml via TCCL
2018-04-11 09:14:39.687 [main] DEBUG org.hibernate.validator.internal.xml.ResourceLoaderHelper - Trying to load META-INF/validation.xml via Hibernate Validator's class loader
2018-04-11 09:14:39.687 [main] DEBUG org.hibernate.validator.internal.xml.ValidationXmlParser - No META-INF/validation.xml found. Using annotation based configuration only.
2018-04-11 09:14:41.009 [main] ERROR org.apache.coyote.http11.Http11NioProtocol - Failed to initialize end point associated with ProtocolHandler ["http-nio-80"]
java.net.SocketException: Permission denied
	at sun.nio.ch.Net.bind0(Native Method) ~[?:1.8.0_144]
	at sun.nio.ch.Net.bind(Net.java:433) ~[?:1.8.0_144]
	at sun.nio.ch.Net.bind(Net.java:425) ~[?:1.8.0_144]
	at sun.nio.ch.ServerSocketChannelImpl.bind(ServerSocketChannelImpl.java:223) ~[?:1.8.0_144]
	at sun.nio.ch.ServerSocketAdaptor.bind(ServerSocketAdaptor.java:74) ~[?:1.8.0_144]
	at org.apache.tomcat.util.net.NioEndpoint.bind(NioEndpoint.java:210) ~[tomcat-embed-core-8.5.11.jar!/:8.5.11]
	at org.apache.tomcat.util.net.AbstractEndpoint.init(AbstractEndpoint.java:972) ~[tomcat-embed-core-8.5.11.jar!/:8.5.11]
	at org.apache.tomcat.util.net.AbstractJsseEndpoint.init(AbstractJsseEndpoint.java:237) ~[tomcat-embed-core-8.5.11.jar!/:8.5.11]
	at org.apache.coyote.AbstractProtocol.init(AbstractProtocol.java:558) [tomcat-embed-core-8.5.11.jar!/:8.5.11]
	at org.apache.coyote.http11.AbstractHttp11Protocol.init(AbstractHttp11Protocol.java:65) [tomcat-embed-core-8.5.11.jar!/:8.5.11]
	at org.apache.catalina.connector.Connector.initInternal(Connector.java:968) [tomcat-embed-core-8.5.11.jar!/:8.5.11]
	at org.apache.catalina.util.LifecycleBase.init(LifecycleBase.java:107) [tomcat-embed-core-8.5.11.jar!/:8.5.11]
	at org.apache.catalina.util.LifecycleBase.start(LifecycleBase.java:140) [tomcat-embed-core-8.5.11.jar!/:8.5.11]
	at org.apache.catalina.core.StandardService.addConnector(StandardService.java:225) [tomcat-embed-core-8.5.11.jar!/:8.5.11]
	at org.springframework.boot.context.embedded.tomcat.TomcatEmbeddedServletContainer.addPreviouslyRemovedConnectors(TomcatEmbeddedServletContainer.java:241) [spring-boot-1.5.1.RELEASE.jar!/:1.5.1.RELEASE]
	at org.springframework.boot.context.embedded.tomcat.TomcatEmbeddedServletContainer.start(TomcatEmbeddedServletContainer.java:184) [spring-boot-1.5.1.RELEASE.jar!/:1.5.1.RELEASE]
	at org.springframework.boot.context.embedded.EmbeddedWebApplicationContext.startEmbeddedServletContainer(EmbeddedWebApplicationContext.java:297) [spring-boot-1.5.1.RELEASE.jar!/:1.5.1.RELEASE]
	at org.springframework.boot.context.embedded.EmbeddedWebApplicationContext.finishRefresh(EmbeddedWebApplicationContext.java:145) [spring-boot-1.5.1.RELEASE.jar!/:1.5.1.RELEASE]
	at org.springframework.context.support.AbstractApplicationContext.refresh(AbstractApplicationContext.java:545) [spring-context-4.3.6.RELEASE.jar!/:4.3.6.RELEASE]
	at org.springframework.boot.context.embedded.EmbeddedWebApplicationContext.refresh(EmbeddedWebApplicationContext.java:122) [spring-boot-1.5.1.RELEASE.jar!/:1.5.1.RELEASE]
	at org.springframework.boot.SpringApplication.refresh(SpringApplication.java:737) [spring-boot-1.5.1.RELEASE.jar!/:1.5.1.RELEASE]
	at org.springframework.boot.SpringApplication.refreshContext(SpringApplication.java:370) [spring-boot-1.5.1.RELEASE.jar!/:1.5.1.RELEASE]
	at org.springframework.boot.SpringApplication.run(SpringApplication.java:314) [spring-boot-1.5.1.RELEASE.jar!/:1.5.1.RELEASE]
	at org.springframework.boot.SpringApplication.run(SpringApplication.java:1162) [spring-boot-1.5.1.RELEASE.jar!/:1.5.1.RELEASE]
	at org.springframework.boot.SpringApplication.run(SpringApplication.java:1151) [spring-boot-1.5.1.RELEASE.jar!/:1.5.1.RELEASE]
	at com.my.blog.website.CoreApplication.main(CoreApplication.java:94) [classes!/:3.3.0-SNAPSHOT]
	at sun.reflect.NativeMethodAccessorImpl.invoke0(Native Method) ~[?:1.8.0_144]
	at sun.reflect.NativeMethodAccessorImpl.invoke(NativeMethodAccessorImpl.java:62) ~[?:1.8.0_144]
	at sun.reflect.DelegatingMethodAccessorImpl.invoke(DelegatingMethodAccessorImpl.java:43) ~[?:1.8.0_144]
	at java.lang.reflect.Method.invoke(Method.java:498) ~[?:1.8.0_144]
	at org.springframework.boot.loader.MainMethodRunner.run(MainMethodRunner.java:48) [my-blog-3.3.0-SNAPSHOT.jar:3.3.0-SNAPSHOT]
	at org.springframework.boot.loader.Launcher.launch(Launcher.java:87) [my-blog-3.3.0-SNAPSHOT.jar:3.3.0-SNAPSHOT]
	at org.springframework.boot.loader.Launcher.launch(Launcher.java:50) [my-blog-3.3.0-SNAPSHOT.jar:3.3.0-SNAPSHOT]
	at org.springframework.boot.loader.JarLauncher.main(JarLauncher.java:51) [my-blog-3.3.0-SNAPSHOT.jar:3.3.0-SNAPSHOT]
2018-04-11 09:14:41.014 [main] ERROR org.apache.catalina.core.StandardService - Failed to start connector [Connector[HTTP/1.1-80]]
org.apache.catalina.LifecycleException: Failed to initialize component [Connector[HTTP/1.1-80]]
	at org.apache.catalina.util.LifecycleBase.init(LifecycleBase.java:112) ~[tomcat-embed-core-8.5.11.jar!/:8.5.11]
	at org.apache.catalina.util.LifecycleBase.start(LifecycleBase.java:140) ~[tomcat-embed-core-8.5.11.jar!/:8.5.11]
	at org.apache.catalina.core.StandardService.addConnector(StandardService.java:225) [tomcat-embed-core-8.5.11.jar!/:8.5.11]
	at org.springframework.boot.context.embedded.tomcat.TomcatEmbeddedServletContainer.addPreviouslyRemovedConnectors(TomcatEmbeddedServletContainer.java:241) [spring-boot-1.5.1.RELEASE.jar!/:1.5.1.RELEASE]
	at org.springframework.boot.context.embedded.tomcat.TomcatEmbeddedServletContainer.start(TomcatEmbeddedServletContainer.java:184) [spring-boot-1.5.1.RELEASE.jar!/:1.5.1.RELEASE]
	at org.springframework.boot.context.embedded.EmbeddedWebApplicationContext.startEmbeddedServletContainer(EmbeddedWebApplicationContext.java:297) [spring-boot-1.5.1.RELEASE.jar!/:1.5.1.RELEASE]
	at org.springframework.boot.context.embedded.EmbeddedWebApplicationContext.finishRefresh(EmbeddedWebApplicationContext.java:145) [spring-boot-1.5.1.RELEASE.jar!/:1.5.1.RELEASE]
	at org.springframework.context.support.AbstractApplicationContext.refresh(AbstractApplicationContext.java:545) [spring-context-4.3.6.RELEASE.jar!/:4.3.6.RELEASE]
	at org.springframework.boot.context.embedded.EmbeddedWebApplicationContext.refresh(EmbeddedWebApplicationContext.java:122) [spring-boot-1.5.1.RELEASE.jar!/:1.5.1.RELEASE]
	at org.springframework.boot.SpringApplication.refresh(SpringApplication.java:737) [spring-boot-1.5.1.RELEASE.jar!/:1.5.1.RELEASE]
	at org.springframework.boot.SpringApplication.refreshContext(SpringApplication.java:370) [spring-boot-1.5.1.RELEASE.jar!/:1.5.1.RELEASE]
	at org.springframework.boot.SpringApplication.run(SpringApplication.java:314) [spring-boot-1.5.1.RELEASE.jar!/:1.5.1.RELEASE]
	at org.springframework.boot.SpringApplication.run(SpringApplication.java:1162) [spring-boot-1.5.1.RELEASE.jar!/:1.5.1.RELEASE]
	at org.springframework.boot.SpringApplication.run(SpringApplication.java:1151) [spring-boot-1.5.1.RELEASE.jar!/:1.5.1.RELEASE]
	at com.my.blog.website.CoreApplication.main(CoreApplication.java:94) [classes!/:3.3.0-SNAPSHOT]
	at sun.reflect.NativeMethodAccessorImpl.invoke0(Native Method) ~[?:1.8.0_144]
	at sun.reflect.NativeMethodAccessorImpl.invoke(NativeMethodAccessorImpl.java:62) ~[?:1.8.0_144]
	at sun.reflect.DelegatingMethodAccessorImpl.invoke(DelegatingMethodAccessorImpl.java:43) ~[?:1.8.0_144]
	at java.lang.reflect.Method.invoke(Method.java:498) ~[?:1.8.0_144]
	at org.springframework.boot.loader.MainMethodRunner.run(MainMethodRunner.java:48) [my-blog-3.3.0-SNAPSHOT.jar:3.3.0-SNAPSHOT]
	at org.springframework.boot.loader.Launcher.launch(Launcher.java:87) [my-blog-3.3.0-SNAPSHOT.jar:3.3.0-SNAPSHOT]
	at org.springframework.boot.loader.Launcher.launch(Launcher.java:50) [my-blog-3.3.0-SNAPSHOT.jar:3.3.0-SNAPSHOT]
	at org.springframework.boot.loader.JarLauncher.main(JarLauncher.java:51) [my-blog-3.3.0-SNAPSHOT.jar:3.3.0-SNAPSHOT]
Caused by: org.apache.catalina.LifecycleException: Protocol handler initialization failed
	at org.apache.catalina.connector.Connector.initInternal(Connector.java:970) ~[tomcat-embed-core-8.5.11.jar!/:8.5.11]
	at org.apache.catalina.util.LifecycleBase.init(LifecycleBase.java:107) ~[tomcat-embed-core-8.5.11.jar!/:8.5.11]
	... 22 more
Caused by: java.net.SocketException: Permission denied
	at sun.nio.ch.Net.bind0(Native Method) ~[?:1.8.0_144]
	at sun.nio.ch.Net.bind(Net.java:433) ~[?:1.8.0_144]
	at sun.nio.ch.Net.bind(Net.java:425) ~[?:1.8.0_144]
	at sun.nio.ch.ServerSocketChannelImpl.bind(ServerSocketChannelImpl.java:223) ~[?:1.8.0_144]
	at sun.nio.ch.ServerSocketAdaptor.bind(ServerSocketAdaptor.java:74) ~[?:1.8.0_144]
	at org.apache.tomcat.util.net.NioEndpoint.bind(NioEndpoint.java:210) ~[tomcat-embed-core-8.5.11.jar!/:8.5.11]
	at org.apache.tomcat.util.net.AbstractEndpoint.init(AbstractEndpoint.java:972) ~[tomcat-embed-core-8.5.11.jar!/:8.5.11]
	at org.apache.tomcat.util.net.AbstractJsseEndpoint.init(AbstractJsseEndpoint.java:237) ~[tomcat-embed-core-8.5.11.jar!/:8.5.11]
	at org.apache.coyote.AbstractProtocol.init(AbstractProtocol.java:558) ~[tomcat-embed-core-8.5.11.jar!/:8.5.11]
	at org.apache.coyote.http11.AbstractHttp11Protocol.init(AbstractHttp11Protocol.java:65) ~[tomcat-embed-core-8.5.11.jar!/:8.5.11]
	at org.apache.catalina.connector.Connector.initInternal(Connector.java:968) ~[tomcat-embed-core-8.5.11.jar!/:8.5.11]
	at org.apache.catalina.util.LifecycleBase.init(LifecycleBase.java:107) ~[tomcat-embed-core-8.5.11.jar!/:8.5.11]
	... 22 more
2018-04-11 09:14:41.092 [main] ERROR org.springframework.boot.diagnostics.LoggingFailureAnalysisReporter - 

***************************
APPLICATION FAILED TO START
***************************

Description:

The Tomcat connector configured to listen on port 80 failed to start. The port may already be in use or the connector may be misconfigured.

Action:

Verify the connector's configuration, identify and stop any process that's listening on port 80, or configure this application to listen on another port.

2018-04-11 09:14:41.107 [main] INFO  com.alibaba.druid.pool.DruidDataSource - {dataSource-1} closed
